<?xml version="1.0" encoding="UTF-8"?>
<!-- Generated by org.testng.reporters.JUnitReportReporter -->
<testsuite hostname="WINDOWS-AH38UOK" failures="0" tests="4" name="com.pom.qa.testcases.HomePageTest" time="69.574" errors="0" timestamp="3 Apr 2020 18:30:01 GMT">
  <testcase classname="com.pom.qa.testcases.HomePageTest" name="loginBntExistTest" time="18.240"/>
  <testcase classname="com.pom.qa.testcases.HomePageTest" name="signupBtnExistTest" time="19.314"/>
  <testcase classname="com.pom.qa.testcases.HomePageTest" name="HomePageTitleTest" time="15.533"/>
  <testcase classname="com.pom.qa.testcases.HomePageTest" name="signupLnkExistTest" time="16.487"/>
</testsuite> <!-- com.pom.qa.testcases.HomePageTest -->
