<?xml version="1.0" encoding="UTF-8"?>
<!-- Generated by org.testng.reporters.JUnitReportReporter -->
<testsuite hostname="WINDOWS-AH38UOK" failures="0" tests="1" name="com.pom.qa.testcases.SignupPageTest" time="17.392" errors="0" timestamp="3 Apr 2020 20:20:03 GMT">
  <testcase classname="com.pom.qa.testcases.SignupPageTest" name="SignupPageTitleTest" time="17.392"/>
</testsuite> <!-- com.pom.qa.testcases.SignupPageTest -->
